Arguments: 
  C:\Program Files\nodejs\node.exe C:\Users\m1870\AppData\Roaming\npm\node_modules\yarn\bin\yarn.js start

PATH: 
  C:\Program Files (x86)\Common Files\NetSarang;C:\Program Files (x86)\Intel\iCLS Client\;C:\Program Files\Intel\iCLS Client\;C:\windows\system32;C:\windows;C:\windows\System32\Wbem;C:\windows\System32\WindowsPowerShell\v1.0\;C:\Program Files (x86)\Intel\Intel(R) Management Engine Components\DAL;C:\Program Files\Intel\Intel(R) Management Engine Components\DAL;C:\Program Files (x86)\Intel\Intel(R) Management Engine Components\IPT;C:\Program Files\Intel\Intel(R) Management Engine Components\IPT;C:\Program Files (x86)\NVIDIA Corporation\PhysX\Common;C:\Program Files\Git\cmd;C:\WINDOWS\system32;C:\WINDOWS;C:\WINDOWS\System32\Wbem;C:\WINDOWS\System32\WindowsPowerShell\v1.0\;C:\WINDOWS\System32\OpenSSH\;C:\Program Files\Intel\WiFi\bin\;C:\Program Files\Common Files\Intel\WirelessCommon\;C:\Program Files\nodejs\;D:\download\Microsoft VS Code\bin;C:\Users\m1870\AppData\Local\Microsoft\WindowsApps;C:\Users\m1870\AppData\Local\GitHubDesktop\bin;D:\download\Microsoft VS Code\bin;C:\Users\m1870\AppData\Local\Microsoft\WindowsApps;C:\Users\m1870\AppData\Roaming\npm

Yarn version: 
  1.5.1

Node version: 
  10.13.0

Platform: 
  win32 x64

npm manifest: 
  {
    "name": "ant-design-umi",
    "version": "1.0.0",
    "description": "",
    "main": "index.js",
    "scripts": {
      "test": "echo \"Error: no test specified\" && exit 1",
      "dev": "umi dev",
      "build": "umi build"
    },
    "author": "",
    "license": "ISC",
    "devDependencies": {
      "umi": "^2.5.4",
      "umi-plugin-react": "^1.5.2"
    }
  }

yarn manifest: 
  No manifest

Lockfile: 
  No lockfile

Trace: 
  Error: Command "start" not found.
      at new MessageError (C:\Users\m1870\AppData\Roaming\npm\node_modules\yarn\lib\cli.js:186:110)
      at C:\Users\m1870\AppData\Roaming\npm\node_modules\yarn\lib\cli.js:87307:17
      at Generator.next (<anonymous>)
      at step (C:\Users\m1870\AppData\Roaming\npm\node_modules\yarn\lib\cli.js:98:30)
      at C:\Users\m1870\AppData\Roaming\npm\node_modules\yarn\lib\cli.js:116:14
      at new Promise (<anonymous>)
      at new F (C:\Users\m1870\AppData\Roaming\npm\node_modules\yarn\lib\cli.js:23451:28)
      at C:\Users\m1870\AppData\Roaming\npm\node_modules\yarn\lib\cli.js:95:12
      at runCommand (C:\Users\m1870\AppData\Roaming\npm\node_modules\yarn\lib\cli.js:87312:22)
      at Object.<anonymous> (C:\Users\m1870\AppData\Roaming\npm\node_modules\yarn\lib\cli.js:87412:14)
